{
"contracts/Raffle.sol":{"l":{"61":3,"62":3,"63":3,"64":3,"65":3,"66":3,"67":3,"68":3,"75":15,"76":1,"78":14,"79":1,"81":13,"84":13,"107":10,"108":10,"109":10,"110":10,"111":10,"112":10,"122":6,"124":6,"125":1,"131":5,"132":5,"140":5,"157":1,"158":1,"159":1,"160":1,"161":1,"162":1,"163":1,"165":1,"166":0,"168":1,"174":4,"178":0,"182":0,"186":1,"190":2,"194":2,"198":14,"202":14,"206":0},"path":"/Users/daenamcclintock/Web3-Projects/hardhat-smartcontract-lottery/contracts/Raffle.sol","s":{"1":3,"2":3,"3":3,"4":3,"5":3,"6":3,"7":3,"8":3,"9":15,"10":14,"11":13,"12":13,"13":10,"14":10,"15":10,"16":10,"17":10,"18":10,"19":6,"20":6,"21":5,"22":5,"23":5,"24":1,"25":1,"26":1,"27":1,"28":1,"29":1,"30":1,"31":1,"32":1,"33":4,"34":0,"35":0,"36":1,"37":2,"38":2,"39":14,"40":14,"41":0},"b":{"1":[1,14],"2":[1,13],"3":[1,5],"4":[0,1]},"f":{"1":3,"2":15,"3":10,"4":6,"5":1,"6":4,"7":0,"8":0,"9":1,"10":2,"11":2,"12":14,"13":14,"14":0},"fnMap":{"1":{"name":"constructor","line":60,"loc":{"start":{"line":52,"column":4},"end":{"line":69,"column":4}}},"2":{"name":"enterRaffle","line":72,"loc":{"start":{"line":72,"column":4},"end":{"line":85,"column":4}}},"3":{"name":"checkUpkeep","line":96,"loc":{"start":{"line":96,"column":4},"end":{"line":113,"column":4}}},"4":{"name":"performUpkeep","line":119,"loc":{"start":{"line":119,"column":4},"end":{"line":141,"column":4}}},"5":{"name":"fulfillRandomWords","line":147,"loc":{"start":{"line":147,"column":4},"end":{"line":169,"column":4}}},"6":{"name":"getRaffleState","line":173,"loc":{"start":{"line":173,"column":4},"end":{"line":175,"column":4}}},"7":{"name":"getNumWords","line":177,"loc":{"start":{"line":177,"column":4},"end":{"line":179,"column":4}}},"8":{"name":"getRequestConfirmations","line":181,"loc":{"start":{"line":181,"column":4},"end":{"line":183,"column":4}}},"9":{"name":"getRecentWinner","line":185,"loc":{"start":{"line":185,"column":4},"end":{"line":187,"column":4}}},"10":{"name":"getPlayer","line":189,"loc":{"start":{"line":189,"column":4},"end":{"line":191,"column":4}}},"11":{"name":"getLastTimeStamp","line":193,"loc":{"start":{"line":193,"column":4},"end":{"line":195,"column":4}}},"12":{"name":"getInterval","line":197,"loc":{"start":{"line":197,"column":4},"end":{"line":199,"column":4}}},"13":{"name":"getEntranceFee","line":201,"loc":{"start":{"line":201,"column":4},"end":{"line":203,"column":4}}},"14":{"name":"getNumberOfPlayers","line":205,"loc":{"start":{"line":205,"column":4},"end":{"line":207,"column":4}}}},"statementMap":{"1":{"start":{"line":61,"column":8},"end":{"line":61,"column":69}},"2":{"start":{"line":62,"column":8},"end":{"line":62,"column":26}},"3":{"start":{"line":63,"column":8},"end":{"line":63,"column":28}},"4":{"start":{"line":64,"column":8},"end":{"line":64,"column":40}},"5":{"start":{"line":65,"column":8},"end":{"line":65,"column":34}},"6":{"start":{"line":66,"column":8},"end":{"line":66,"column":39}},"7":{"start":{"line":67,"column":8},"end":{"line":67,"column":40}},"8":{"start":{"line":68,"column":8},"end":{"line":68,"column":44}},"9":{"start":{"line":75,"column":8},"end":{"line":75,"column":3459}},"10":{"start":{"line":78,"column":8},"end":{"line":78,"column":3648}},"11":{"start":{"line":81,"column":8},"end":{"line":81,"column":42}},"12":{"start":{"line":84,"column":8},"end":{"line":84,"column":36}},"13":{"start":{"line":107,"column":8},"end":{"line":107,"column":55}},"14":{"start":{"line":108,"column":8},"end":{"line":108,"column":76}},"15":{"start":{"line":109,"column":8},"end":{"line":109,"column":46}},"16":{"start":{"line":110,"column":8},"end":{"line":110,"column":51}},"17":{"start":{"line":111,"column":8},"end":{"line":111,"column":72}},"18":{"start":{"line":112,"column":8},"end":{"line":112,"column":36}},"19":{"start":{"line":122,"column":8},"end":{"line":122,"column":47}},"20":{"start":{"line":124,"column":8},"end":{"line":124,"column":5410}},"21":{"start":{"line":131,"column":8},"end":{"line":131,"column":46}},"22":{"start":{"line":132,"column":8},"end":{"line":132,"column":5670}},"23":{"start":{"line":140,"column":8},"end":{"line":140,"column":45}},"24":{"start":{"line":157,"column":8},"end":{"line":157,"column":65}},"25":{"start":{"line":158,"column":8},"end":{"line":158,"column":63}},"26":{"start":{"line":159,"column":8},"end":{"line":159,"column":36}},"27":{"start":{"line":160,"column":8},"end":{"line":160,"column":43}},"28":{"start":{"line":161,"column":8},"end":{"line":161,"column":39}},"29":{"start":{"line":162,"column":8},"end":{"line":162,"column":40}},"30":{"start":{"line":163,"column":8},"end":{"line":163,"column":78}},"31":{"start":{"line":165,"column":8},"end":{"line":165,"column":6844}},"32":{"start":{"line":168,"column":8},"end":{"line":168,"column":39}},"33":{"start":{"line":174,"column":8},"end":{"line":174,"column":28}},"34":{"start":{"line":178,"column":8},"end":{"line":178,"column":24}},"35":{"start":{"line":182,"column":8},"end":{"line":182,"column":36}},"36":{"start":{"line":186,"column":8},"end":{"line":186,"column":29}},"37":{"start":{"line":190,"column":8},"end":{"line":190,"column":31}},"38":{"start":{"line":194,"column":8},"end":{"line":194,"column":30}},"39":{"start":{"line":198,"column":8},"end":{"line":198,"column":25}},"40":{"start":{"line":202,"column":8},"end":{"line":202,"column":28}},"41":{"start":{"line":206,"column":8},"end":{"line":206,"column":31}}},"branchMap":{"1":{"line":75,"type":"if","locations":[{"start":{"line":75,"column":8},"end":{"line":75,"column":8}},{"start":{"line":75,"column":8},"end":{"line":75,"column":8}}]},"2":{"line":78,"type":"if","locations":[{"start":{"line":78,"column":8},"end":{"line":78,"column":8}},{"start":{"line":78,"column":8},"end":{"line":78,"column":8}}]},"3":{"line":124,"type":"if","locations":[{"start":{"line":124,"column":8},"end":{"line":124,"column":8}},{"start":{"line":124,"column":8},"end":{"line":124,"column":8}}]},"4":{"line":165,"type":"if","locations":[{"start":{"line":165,"column":8},"end":{"line":165,"column":8}},{"start":{"line":165,"column":8},"end":{"line":165,"column":8}}]}}},
"contracts/test/VRFCoordinatorV2Mock.sol":{"l":{},"path":"/Users/daenamcclintock/Web3-Projects/hardhat-smartcontract-lottery/contracts/test/VRFCoordinatorV2Mock.sol","s":{},"b":{},"f":{},"fnMap":{},"statementMap":{},"branchMap":{}}}
